<?xml version="1.0" encoding="UTF-8"?>
<!-- Generated by org.testng.reporters.JUnitXMLReporter -->
<testsuite ignored="0" hostname="DESKTOP-3IDCR5Q" failures="4" tests="7" name="Test" time="190.25" errors="0" timestamp="2023-05-13T11:54:35 IST">
  <testcase classname="tests.LoginPageTest" name="LogoTest" time="0.105"/>
  <testcase classname="tests.LoginPageTest" name="ValidateLogin" time="16.976"/>
  <testcase classname="tests.LoginPageTest" name="signup" time="0.047"/>
  <testcase classname="tests.HomePageTest" name="ValidateCreateContactTest" time="0.057">
    <failure type="java.lang.IllegalArgumentException" message="Element must be set">
      <![CDATA[java.lang.IllegalArgumentException: Element must be set
at org.openqa.selenium.internal.Require.nonNull(Require.java:59)
at org.openqa.selenium.interactions.PointerInput$Origin.fromElement(PointerInput.java:287)
at org.openqa.selenium.interactions.Actions.moveInTicks(Actions.java:342)
at org.openqa.selenium.interactions.Actions.moveToElement(Actions.java:323)
at pages.HomePage.createContact(HomePage.java:65)
at tests.HomePageTest.ValidateCreateContactTest(HomePageTest.java:53)
at java.base/java.util.ArrayList.forEach(ArrayList.java:1511)
... Removed 27 stack frames]]>
    </failure>
  </testcase> <!-- ValidateCreateContactTest -->
  <testcase classname="tests.HomePageTest" name="logocheck" time="0.047">
    <failure type="java.lang.NullPointerException" message="Cannot invoke &amp;quot;org.openqa.selenium.WebElement.isDisplayed()&amp;quot; because &amp;quot;this.logo&amp;quot; is null">
      <![CDATA[java.lang.NullPointerException: Cannot invoke "org.openqa.selenium.WebElement.isDisplayed()" because "this.logo" is null
at pages.HomePage.logocheck(HomePage.java:57)
at tests.HomePageTest.logocheck(HomePageTest.java:47)
at java.base/java.util.ArrayList.forEach(ArrayList.java:1511)
... Removed 27 stack frames]]>
    </failure>
  </testcase> <!-- logocheck -->
  <testcase classname="tests.HomePageTest" name="logout" time="0.05">
    <failure type="java.lang.NullPointerException" message="Cannot invoke &amp;quot;org.openqa.selenium.WebElement.click()&amp;quot; because &amp;quot;this.logout&amp;quot; is null">
      <![CDATA[java.lang.NullPointerException: Cannot invoke "org.openqa.selenium.WebElement.click()" because "this.logout" is null
at pages.HomePage.logout(HomePage.java:52)
at tests.HomePageTest.logout(HomePageTest.java:41)
at java.base/java.util.ArrayList.forEach(ArrayList.java:1511)
... Removed 27 stack frames]]>
    </failure>
  </testcase> <!-- logout -->
  <testcase classname="tests.HomePageTest" name="validateUserTest" time="0.068">
    <failure type="java.lang.NullPointerException" message="Cannot invoke &amp;quot;org.openqa.selenium.WebElement.getText()&amp;quot; because &amp;quot;this.user&amp;quot; is null">
      <![CDATA[java.lang.NullPointerException: Cannot invoke "org.openqa.selenium.WebElement.getText()" because "this.user" is null
at pages.HomePage.usercheck(HomePage.java:43)
at tests.HomePageTest.validateUserTest(HomePageTest.java:34)
at java.base/java.util.ArrayList.forEach(ArrayList.java:1511)
... Removed 27 stack frames]]>
    </failure>
  </testcase> <!-- validateUserTest -->
</testsuite> <!-- Test -->
